[2025-08-27 06:33:54.357273][系统] 开启服务...
[2025-08-27 06:33:54.358272][系统] 读取配置...
[2025-08-27 06:33:54.360273][系统] 开启核心服务...
[2025-08-27 06:34:01.676557][系统] 开启录音服务...
[2025-08-27 06:34:01.677556][系统] 注册命令...
[2025-08-27 06:34:01.677556][系统] 请检查设备是否有误，再重新启动!
[2025-08-27 06:34:01.678557][系统] 请检查设备是否有误，再重新启动!
[2025-08-27 06:34:01.678557][系统] 完成!
[2025-08-27 06:34:01.679560][系统] 使用 'help' 获取帮助.
[2025-08-27 06:34:12.173800][系统] 开启服务...
[2025-08-27 06:34:12.174801][系统] 读取配置...
[2025-08-27 06:34:12.175800][系统] 开启核心服务...
[2025-08-27 06:34:12.177799][系统] 开启录音服务...
[2025-08-27 06:34:12.177799][系统] 注册命令...
[2025-08-27 06:34:12.178802][系统] 完成!
[2025-08-27 06:34:12.178802][系统] 使用 'help' 获取帮助.
[2025-08-27 06:34:22.929642][系统] 自然语言处理...
[2025-08-27 06:34:27.770975][系统] 自然语言处理完成. 耗时: 4840 ms
[2025-08-27 06:34:51.559500][系统] 自然语言处理...
[2025-08-27 06:34:54.430181][系统] 自然语言处理完成. 耗时: 2869 ms
[2025-08-27 06:35:25.864330][菲菲] (gentle) 济南，位于中国山东省中部，是山东省的省会城市，也是历史文化名城。古称泉城，因城内泉水众多而闻名。济南拥有悠久的历史，文化底蕴深厚，是孔子的故乡，承载着丰富的传统文化。城市风景秀丽，名胜古迹众多，如千佛山、大明湖、趵突泉等，吸引着众多游客前来观光游览。

济南是重要的交通枢纽和经济中心，工业、商贸、旅游等产业发达，为山东省乃至华东地区的经济发展做出了重要贡献。同时，济南也是教育城市，拥有多所知名高校，为培养人才提供了良好的平台。城市发展迅速，现代化建设与传统文化相互融合，展现出独特的魅力。

济南人民热情好客，市井文化丰富多彩，让人感受到浓厚的人文氛围。济南，是一个融合古今、传统与现代的城市，充满活力与魅力，值得一游。

在济南，你可以感受到浓厚的历史底蕴，探寻孔子的智慧足迹，品味传统文化的独特魅力。千佛山是济南的象征之一，山上寺庙众多，历史悠久，登山俯瞰济南市区，景色壮丽。大明湖是济南市区内的一处天然湖泊，湖水清澈，周围绿树成荫，是市民休闲娱乐的好去处。趵突泉是济南著名的泉水之一，泉水喷涌而出，清澈见底，被誉为“济南第一泉”。

除了历史文化，济南还是一座现代化城市，高楼林立，商业繁荣。济南的美食也是一大特色，济南烤鸭、汤包、莲花饼等美食让人垂涎欲滴。夜晚的济南灯火辉煌，夜市繁华，让人流连忘返。

总的来说，济南是一个兼具历史底蕴和现代魅力的城市，无论是探寻古迹还是感受现代生活，都能在这里找到满足。欢迎您来济南，体验这座城市独特的魅力！
[2025-08-27 06:35:25.865329][系统] 合成音频...
[2025-08-27 06:35:35.882097][系统] 合成音频完成. 耗时: 10015 ms 文件:cache_data/9\mp3_temp\acd4991b3334b19de05667c44a975461.wav
[2025-08-27 06:35:49.823750][系统] 开启服务...
[2025-08-27 06:35:49.854364][系统] 读取配置...
[2025-08-27 06:35:49.922152][系统] 开启核心服务...
[2025-08-27 06:35:49.947738][系统] 开启录音服务...
[2025-08-27 06:35:49.953251][系统] 注册命令...
[2025-08-27 06:35:49.977330][系统] 完成!
[2025-08-27 06:35:49.983853][系统] 使用 'help' 获取帮助.
[2025-08-27 06:36:17.613914][系统] 开启服务...
[2025-08-27 06:36:17.613914][系统] 读取配置...
[2025-08-27 06:36:17.615914][系统] 开启核心服务...
[2025-08-27 06:36:17.616914][系统] 开启录音服务...
[2025-08-27 06:36:17.617915][系统] 注册命令...
[2025-08-27 06:36:17.619916][系统] 完成!
[2025-08-27 06:36:17.619916][系统] 使用 'help' 获取帮助.
[2025-08-27 06:36:39.680032][系统] 自然语言处理...
[2025-08-27 06:36:43.647234][系统] 自然语言处理完成. 耗时: 3967 ms
[2025-08-27 06:36:44.111110][系统] 开启服务...
[2025-08-27 06:36:44.111110][系统] 读取配置...
[2025-08-27 06:36:44.113551][系统] 开启核心服务...
[2025-08-27 06:36:44.113551][系统] 开启录音服务...
[2025-08-27 06:36:44.114552][系统] 注册命令...
[2025-08-27 06:36:44.115553][系统] 完成!
[2025-08-27 06:36:44.115553][系统] 使用 'help' 获取帮助.
[2025-08-27 06:37:19.845519][系统] 开启服务...
[2025-08-27 06:37:19.846519][系统] 读取配置...
[2025-08-27 06:37:19.847518][系统] 开启核心服务...
[2025-08-27 06:37:19.848516][系统] 开启录音服务...
[2025-08-27 06:37:19.849518][系统] 注册命令...
[2025-08-27 06:37:19.849518][系统] 完成!
[2025-08-27 06:37:19.849518][系统] 使用 'help' 获取帮助.
